(venv) [x@voidx api]$ pytest -v
============================================ test session starts ============================================
platform linux -- Python 3.14.3, pytest-9.0.3, pluggy-1.6.0 -- /home/x/Bachelor/docker/api/venv/bin/python3
cachedir: .pytest_cache
rootdir: /home/x/Bachelor/docker/api
collected 3 items                                                                                           

test_app.py::test_home PASSED                                                                         [ 33%]
test_app.py::test_get_items PASSED                                                                    [ 66%]
test_app.py::test_add_item PASSED                                                                     [100%]

============================================= 3 passed in 0.10s =============================================